<?xml version="1.0" encoding="UTF-8"?>
<testsuite xmlns:xsi="http://www.w3.org/2001/XMLSchema-instance" xsi:noNamespaceSchemaLocation="https://maven.apache.org/surefire/maven-surefire-plugin/xsd/surefire-test-report.xsd" name="com.example.helloworld.api.HelloWorldApiTest" time="0.01" tests="1" errors="0" skipped="0" failures="0">
  <properties>
    <property name="sun.desktop" value="windows"/>
    <property name="awt.toolkit" value="sun.awt.windows.WToolkit"/>
    <property name="file.encoding.pkg" value="sun.io"/>
    <property name="java.specification.version" value="1.8"/>
    <property name="sun.cpu.isalist" value="amd64"/>
    <property name="sun.jnu.encoding" value="Cp1252"/>
    <property name="java.class.path" value="D:\Example\dropwizard-helloworld\target\test-classes;D:\Example\dropwizard-helloworld\target\classes;C:\Users\joe61081\.m2\repository\io\dropwizard\dropwizard-core\0.9.2\dropwizard-core-0.9.2.jar;C:\Users\joe61081\.m2\repository\io\dropwizard\dropwizard-util\0.9.2\dropwizard-util-0.9.2.jar;C:\Users\joe61081\.m2\repository\com\fasterxml\jackson\core\jackson-annotations\2.6.0\jackson-annotations-2.6.0.jar;C:\Users\joe61081\.m2\repository\com\google\guava\guava\18.0\guava-18.0.jar;C:\Users\joe61081\.m2\repository\com\google\code\findbugs\jsr305\3.0.1\jsr305-3.0.1.jar;C:\Users\joe61081\.m2\repository\joda-time\joda-time\2.9\joda-time-2.9.jar;C:\Users\joe61081\.m2\repository\io\dropwizard\dropwizard-jackson\0.9.2\dropwizard-jackson-0.9.2.jar;C:\Users\joe61081\.m2\repository\com\fasterxml\jackson\core\jackson-core\2.6.3\jackson-core-2.6.3.jar;C:\Users\joe61081\.m2\repository\com\fasterxml\jackson\core\jackson-databind\2.6.3\jackson-databind-2.6.3.jar;C:\Users\joe61081\.m2\repository\com\fasterxml\jackson\datatype\jackson-datatype-jdk7\2.6.3\jackson-datatype-jdk7-2.6.3.jar;C:\Users\joe61081\.m2\repository\com\fasterxml\jackson\datatype\jackson-datatype-guava\2.6.3\jackson-datatype-guava-2.6.3.jar;C:\Users\joe61081\.m2\repository\com\fasterxml\jackson\module\jackson-module-afterburner\2.6.3\jackson-module-afterburner-2.6.3.jar;C:\Users\joe61081\.m2\repository\com\fasterxml\jackson\datatype\jackson-datatype-joda\2.6.3\jackson-datatype-joda-2.6.3.jar;C:\Users\joe61081\.m2\repository\org\slf4j\slf4j-api\1.7.12\slf4j-api-1.7.12.jar;C:\Users\joe61081\.m2\repository\ch\qos\logback\logback-classic\1.1.3\logback-classic-1.1.3.jar;C:\Users\joe61081\.m2\repository\io\dropwizard\dropwizard-validation\0.9.2\dropwizard-validation-0.9.2.jar;C:\Users\joe61081\.m2\repository\org\hibernate\hibernate-validator\5.2.2.Final\hibernate-validator-5.2.2.Final.jar;C:\Users\joe61081\.m2\repository\javax\validation\validation-api\1.1.0.Final\validation-api-1.1.0.Final.jar;C:\Users\joe61081\.m2\repository\org\jboss\logging\jboss-logging\3.2.1.Final\jboss-logging-3.2.1.Final.jar;C:\Users\joe61081\.m2\repository\com\fasterxml\classmate\1.1.0\classmate-1.1.0.jar;C:\Users\joe61081\.m2\repository\org\glassfish\javax.el\3.0.0\javax.el-3.0.0.jar;C:\Users\joe61081\.m2\repository\io\dropwizard\dropwizard-configuration\0.9.2\dropwizard-configuration-0.9.2.jar;C:\Users\joe61081\.m2\repository\com\fasterxml\jackson\dataformat\jackson-dataformat-yaml\2.6.3\jackson-dataformat-yaml-2.6.3.jar;C:\Users\joe61081\.m2\repository\org\yaml\snakeyaml\1.15\snakeyaml-1.15.jar;C:\Users\joe61081\.m2\repository\org\apache\commons\commons-lang3\3.4\commons-lang3-3.4.jar;C:\Users\joe61081\.m2\repository\io\dropwizard\dropwizard-logging\0.9.2\dropwizard-logging-0.9.2.jar;C:\Users\joe61081\.m2\repository\io\dropwizard\metrics\metrics-logback\3.1.2\metrics-logback-3.1.2.jar;C:\Users\joe61081\.m2\repository\org\slf4j\jul-to-slf4j\1.7.12\jul-to-slf4j-1.7.12.jar;C:\Users\joe61081\.m2\repository\ch\qos\logback\logback-core\1.1.3\logback-core-1.1.3.jar;C:\Users\joe61081\.m2\repository\org\slf4j\log4j-over-slf4j\1.7.12\log4j-over-slf4j-1.7.12.jar;C:\Users\joe61081\.m2\repository\org\slf4j\jcl-over-slf4j\1.7.12\jcl-over-slf4j-1.7.12.jar;C:\Users\joe61081\.m2\repository\org\eclipse\jetty\jetty-util\9.2.13.v20150730\jetty-util-9.2.13.v20150730.jar;C:\Users\joe61081\.m2\repository\io\dropwizard\dropwizard-metrics\0.9.2\dropwizard-metrics-0.9.2.jar;C:\Users\joe61081\.m2\repository\io\dropwizard\dropwizard-jersey\0.9.2\dropwizard-jersey-0.9.2.jar;C:\Users\joe61081\.m2\repository\org\glassfish\jersey\core\jersey-server\2.22.1\jersey-server-2.22.1.jar;C:\Users\joe61081\.m2\repository\org\glassfish\jersey\core\jersey-common\2.22.1\jersey-common-2.22.1.jar;C:\Users\joe61081\.m2\repository\org\glassfish\jersey\bundles\repackaged\jersey-guava\2.22.1\jersey-guava-2.22.1.jar;C:\Users\joe61081\.m2\repository\org\glassfish\hk2\osgi-resource-locator\1.0.1\osgi-resource-locator-1.0.1.jar;C:\Users\joe61081\.m2\repository\org\glassfish\jersey\core\jersey-client\2.22.1\jersey-client-2.22.1.jar;C:\Users\joe61081\.m2\repository\javax\ws\rs\javax.ws.rs-api\2.0.1\javax.ws.rs-api-2.0.1.jar;C:\Users\joe61081\.m2\repository\org\glassfish\jersey\media\jersey-media-jaxb\2.22.1\jersey-media-jaxb-2.22.1.jar;C:\Users\joe61081\.m2\repository\javax\annotation\javax.annotation-api\1.2\javax.annotation-api-1.2.jar;C:\Users\joe61081\.m2\repository\org\glassfish\hk2\hk2-api\2.4.0-b31\hk2-api-2.4.0-b31.jar;C:\Users\joe61081\.m2\repository\org\glassfish\hk2\hk2-utils\2.4.0-b31\hk2-utils-2.4.0-b31.jar;C:\Users\joe61081\.m2\repository\org\glassfish\hk2\external\aopalliance-repackaged\2.4.0-b31\aopalliance-repackaged-2.4.0-b31.jar;C:\Users\joe61081\.m2\repository\org\glassfish\hk2\external\javax.inject\2.4.0-b31\javax.inject-2.4.0-b31.jar;C:\Users\joe61081\.m2\repository\org\glassfish\hk2\hk2-locator\2.4.0-b31\hk2-locator-2.4.0-b31.jar;C:\Users\joe61081\.m2\repository\org\javassist\javassist\3.18.1-GA\javassist-3.18.1-GA.jar;C:\Users\joe61081\.m2\repository\org\glassfish\jersey\ext\jersey-metainf-services\2.22.1\jersey-metainf-services-2.22.1.jar;C:\Users\joe61081\.m2\repository\org\glassfish\jersey\ext\jersey-bean-validation\2.22.1\jersey-bean-validation-2.22.1.jar;C:\Users\joe61081\.m2\repository\io\dropwizard\metrics\metrics-jersey2\3.1.2\metrics-jersey2-3.1.2.jar;C:\Users\joe61081\.m2\repository\com\fasterxml\jackson\jaxrs\jackson-jaxrs-json-provider\2.6.3\jackson-jaxrs-json-provider-2.6.3.jar;C:\Users\joe61081\.m2\repository\com\fasterxml\jackson\jaxrs\jackson-jaxrs-base\2.6.3\jackson-jaxrs-base-2.6.3.jar;C:\Users\joe61081\.m2\repository\com\fasterxml\jackson\module\jackson-module-jaxb-annotations\2.6.3\jackson-module-jaxb-annotations-2.6.3.jar;C:\Users\joe61081\.m2\repository\org\glassfish\jersey\containers\jersey-container-servlet\2.22.1\jersey-container-servlet-2.22.1.jar;C:\Users\joe61081\.m2\repository\org\glassfish\jersey\containers\jersey-container-servlet-core\2.22.1\jersey-container-servlet-core-2.22.1.jar;C:\Users\joe61081\.m2\repository\org\eclipse\jetty\jetty-server\9.2.13.v20150730\jetty-server-9.2.13.v20150730.jar;C:\Users\joe61081\.m2\repository\javax\servlet\javax.servlet-api\3.1.0\javax.servlet-api-3.1.0.jar;C:\Users\joe61081\.m2\repository\org\eclipse\jetty\jetty-io\9.2.13.v20150730\jetty-io-9.2.13.v20150730.jar;C:\Users\joe61081\.m2\repository\org\eclipse\jetty\jetty-webapp\9.2.13.v20150730\jetty-webapp-9.2.13.v20150730.jar;C:\Users\joe61081\.m2\repository\org\eclipse\jetty\jetty-xml\9.2.13.v20150730\jetty-xml-9.2.13.v20150730.jar;C:\Users\joe61081\.m2\repository\org\eclipse\jetty\jetty-continuation\9.2.13.v20150730\jetty-continuation-9.2.13.v20150730.jar;C:\Users\joe61081\.m2\repository\io\dropwizard\dropwizard-servlets\0.9.2\dropwizard-servlets-0.9.2.jar;C:\Users\joe61081\.m2\repository\io\dropwizard\metrics\metrics-annotation\3.1.2\metrics-annotation-3.1.2.jar;C:\Users\joe61081\.m2\repository\io\dropwizard\dropwizard-jetty\0.9.2\dropwizard-jetty-0.9.2.jar;C:\Users\joe61081\.m2\repository\io\dropwizard\metrics\metrics-jetty9\3.1.2\metrics-jetty9-3.1.2.jar;C:\Users\joe61081\.m2\repository\org\eclipse\jetty\jetty-servlet\9.2.13.v20150730\jetty-servlet-9.2.13.v20150730.jar;C:\Users\joe61081\.m2\repository\org\eclipse\jetty\jetty-security\9.2.13.v20150730\jetty-security-9.2.13.v20150730.jar;C:\Users\joe61081\.m2\repository\org\eclipse\jetty\jetty-servlets\9.2.13.v20150730\jetty-servlets-9.2.13.v20150730.jar;C:\Users\joe61081\.m2\repository\org\eclipse\jetty\jetty-http\9.2.13.v20150730\jetty-http-9.2.13.v20150730.jar;C:\Users\joe61081\.m2\repository\io\dropwizard\dropwizard-lifecycle\0.9.2\dropwizard-lifecycle-0.9.2.jar;C:\Users\joe61081\.m2\repository\io\dropwizard\metrics\metrics-core\3.1.2\metrics-core-3.1.2.jar;C:\Users\joe61081\.m2\repository\io\dropwizard\metrics\metrics-jvm\3.1.2\metrics-jvm-3.1.2.jar;C:\Users\joe61081\.m2\repository\io\dropwizard\metrics\metrics-servlets\3.1.2\metrics-servlets-3.1.2.jar;C:\Users\joe61081\.m2\repository\io\dropwizard\metrics\metrics-json\3.1.2\metrics-json-3.1.2.jar;C:\Users\joe61081\.m2\repository\io\dropwizard\metrics\metrics-healthchecks\3.1.2\metrics-healthchecks-3.1.2.jar;C:\Users\joe61081\.m2\repository\net\sourceforge\argparse4j\argparse4j\0.6.0\argparse4j-0.6.0.jar;C:\Users\joe61081\.m2\repository\org\eclipse\jetty\toolchain\setuid\jetty-setuid-java\1.0.3\jetty-setuid-java-1.0.3.jar;C:\Users\joe61081\.m2\repository\junit\junit\3.8.1\junit-3.8.1.jar;C:\Users\joe61081\.m2\repository\org\junit\jupiter\junit-jupiter-api\5.5.0-M1\junit-jupiter-api-5.5.0-M1.jar;C:\Users\joe61081\.m2\repository\org\apiguardian\apiguardian-api\1.0.0\apiguardian-api-1.0.0.jar;C:\Users\joe61081\.m2\repository\org\opentest4j\opentest4j\1.1.1\opentest4j-1.1.1.jar;C:\Users\joe61081\.m2\repository\org\junit\platform\junit-platform-commons\1.5.0-M1\junit-platform-commons-1.5.0-M1.jar;C:\Users\joe61081\.m2\repository\org\junit\jupiter\junit-jupiter-engine\5.3.2\junit-jupiter-engine-5.3.2.jar;C:\Users\joe61081\.m2\repository\org\junit\platform\junit-platform-engine\1.3.2\junit-platform-engine-1.3.2.jar;"/>
    <property name="java.vm.vendor" value="Oracle Corporation"/>
    <property name="sun.arch.data.model" value="64"/>
    <property name="user.variant" value=""/>
    <property name="java.vendor.url" value="http://java.oracle.com/"/>
    <property name="user.timezone" value="Europe/London"/>
    <property name="java.vm.specification.version" value="1.8"/>
    <property name="os.name" value="Windows 10"/>
    <property name="user.country" value="GB"/>
    <property name="sun.java.launcher" value="SUN_STANDARD"/>
    <property name="sun.boot.library.path" value="C:\Program Files\Java\jdk1.8.0_191\jre\bin"/>
    <property name="sun.java.command" value="C:\Users\joe61081\AppData\Local\Temp\surefire2478254587604190433\surefirebooter4205578773692664782.jar C:\Users\joe61081\AppData\Local\Temp\surefire2478254587604190433 2019-07-10T10-13-54_709-jvmRun1 surefire6594108206972808149tmp surefire_06057077198164668613tmp"/>
    <property name="surefire.test.class.path" value="D:\Example\dropwizard-helloworld\target\test-classes;D:\Example\dropwizard-helloworld\target\classes;C:\Users\joe61081\.m2\repository\io\dropwizard\dropwizard-core\0.9.2\dropwizard-core-0.9.2.jar;C:\Users\joe61081\.m2\repository\io\dropwizard\dropwizard-util\0.9.2\dropwizard-util-0.9.2.jar;C:\Users\joe61081\.m2\repository\com\fasterxml\jackson\core\jackson-annotations\2.6.0\jackson-annotations-2.6.0.jar;C:\Users\joe61081\.m2\repository\com\google\guava\guava\18.0\guava-18.0.jar;C:\Users\joe61081\.m2\repository\com\google\code\findbugs\jsr305\3.0.1\jsr305-3.0.1.jar;C:\Users\joe61081\.m2\repository\joda-time\joda-time\2.9\joda-time-2.9.jar;C:\Users\joe61081\.m2\repository\io\dropwizard\dropwizard-jackson\0.9.2\dropwizard-jackson-0.9.2.jar;C:\Users\joe61081\.m2\repository\com\fasterxml\jackson\core\jackson-core\2.6.3\jackson-core-2.6.3.jar;C:\Users\joe61081\.m2\repository\com\fasterxml\jackson\core\jackson-databind\2.6.3\jackson-databind-2.6.3.jar;C:\Users\joe61081\.m2\repository\com\fasterxml\jackson\datatype\jackson-datatype-jdk7\2.6.3\jackson-datatype-jdk7-2.6.3.jar;C:\Users\joe61081\.m2\repository\com\fasterxml\jackson\datatype\jackson-datatype-guava\2.6.3\jackson-datatype-guava-2.6.3.jar;C:\Users\joe61081\.m2\repository\com\fasterxml\jackson\module\jackson-module-afterburner\2.6.3\jackson-module-afterburner-2.6.3.jar;C:\Users\joe61081\.m2\repository\com\fasterxml\jackson\datatype\jackson-datatype-joda\2.6.3\jackson-datatype-joda-2.6.3.jar;C:\Users\joe61081\.m2\repository\org\slf4j\slf4j-api\1.7.12\slf4j-api-1.7.12.jar;C:\Users\joe61081\.m2\repository\ch\qos\logback\logback-classic\1.1.3\logback-classic-1.1.3.jar;C:\Users\joe61081\.m2\repository\io\dropwizard\dropwizard-validation\0.9.2\dropwizard-validation-0.9.2.jar;C:\Users\joe61081\.m2\repository\org\hibernate\hibernate-validator\5.2.2.Final\hibernate-validator-5.2.2.Final.jar;C:\Users\joe61081\.m2\repository\javax\validation\validation-api\1.1.0.Final\validation-api-1.1.0.Final.jar;C:\Users\joe61081\.m2\repository\org\jboss\logging\jboss-logging\3.2.1.Final\jboss-logging-3.2.1.Final.jar;C:\Users\joe61081\.m2\repository\com\fasterxml\classmate\1.1.0\classmate-1.1.0.jar;C:\Users\joe61081\.m2\repository\org\glassfish\javax.el\3.0.0\javax.el-3.0.0.jar;C:\Users\joe61081\.m2\repository\io\dropwizard\dropwizard-configuration\0.9.2\dropwizard-configuration-0.9.2.jar;C:\Users\joe61081\.m2\repository\com\fasterxml\jackson\dataformat\jackson-dataformat-yaml\2.6.3\jackson-dataformat-yaml-2.6.3.jar;C:\Users\joe61081\.m2\repository\org\yaml\snakeyaml\1.15\snakeyaml-1.15.jar;C:\Users\joe61081\.m2\repository\org\apache\commons\commons-lang3\3.4\commons-lang3-3.4.jar;C:\Users\joe61081\.m2\repository\io\dropwizard\dropwizard-logging\0.9.2\dropwizard-logging-0.9.2.jar;C:\Users\joe61081\.m2\repository\io\dropwizard\metrics\metrics-logback\3.1.2\metrics-logback-3.1.2.jar;C:\Users\joe61081\.m2\repository\org\slf4j\jul-to-slf4j\1.7.12\jul-to-slf4j-1.7.12.jar;C:\Users\joe61081\.m2\repository\ch\qos\logback\logback-core\1.1.3\logback-core-1.1.3.jar;C:\Users\joe61081\.m2\repository\org\slf4j\log4j-over-slf4j\1.7.12\log4j-over-slf4j-1.7.12.jar;C:\Users\joe61081\.m2\repository\org\slf4j\jcl-over-slf4j\1.7.12\jcl-over-slf4j-1.7.12.jar;C:\Users\joe61081\.m2\repository\org\eclipse\jetty\jetty-util\9.2.13.v20150730\jetty-util-9.2.13.v20150730.jar;C:\Users\joe61081\.m2\repository\io\dropwizard\dropwizard-metrics\0.9.2\dropwizard-metrics-0.9.2.jar;C:\Users\joe61081\.m2\repository\io\dropwizard\dropwizard-jersey\0.9.2\dropwizard-jersey-0.9.2.jar;C:\Users\joe61081\.m2\repository\org\glassfish\jersey\core\jersey-server\2.22.1\jersey-server-2.22.1.jar;C:\Users\joe61081\.m2\repository\org\glassfish\jersey\core\jersey-common\2.22.1\jersey-common-2.22.1.jar;C:\Users\joe61081\.m2\repository\org\glassfish\jersey\bundles\repackaged\jersey-guava\2.22.1\jersey-guava-2.22.1.jar;C:\Users\joe61081\.m2\repository\org\glassfish\hk2\osgi-resource-locator\1.0.1\osgi-resource-locator-1.0.1.jar;C:\Users\joe61081\.m2\repository\org\glassfish\jersey\core\jersey-client\2.22.1\jersey-client-2.22.1.jar;C:\Users\joe61081\.m2\repository\javax\ws\rs\javax.ws.rs-api\2.0.1\javax.ws.rs-api-2.0.1.jar;C:\Users\joe61081\.m2\repository\org\glassfish\jersey\media\jersey-media-jaxb\2.22.1\jersey-media-jaxb-2.22.1.jar;C:\Users\joe61081\.m2\repository\javax\annotation\javax.annotation-api\1.2\javax.annotation-api-1.2.jar;C:\Users\joe61081\.m2\repository\org\glassfish\hk2\hk2-api\2.4.0-b31\hk2-api-2.4.0-b31.jar;C:\Users\joe61081\.m2\repository\org\glassfish\hk2\hk2-utils\2.4.0-b31\hk2-utils-2.4.0-b31.jar;C:\Users\joe61081\.m2\repository\org\glassfish\hk2\external\aopalliance-repackaged\2.4.0-b31\aopalliance-repackaged-2.4.0-b31.jar;C:\Users\joe61081\.m2\repository\org\glassfish\hk2\external\javax.inject\2.4.0-b31\javax.inject-2.4.0-b31.jar;C:\Users\joe61081\.m2\repository\org\glassfish\hk2\hk2-locator\2.4.0-b31\hk2-locator-2.4.0-b31.jar;C:\Users\joe61081\.m2\repository\org\javassist\javassist\3.18.1-GA\javassist-3.18.1-GA.jar;C:\Users\joe61081\.m2\repository\org\glassfish\jersey\ext\jersey-metainf-services\2.22.1\jersey-metainf-services-2.22.1.jar;C:\Users\joe61081\.m2\repository\org\glassfish\jersey\ext\jersey-bean-validation\2.22.1\jersey-bean-validation-2.22.1.jar;C:\Users\joe61081\.m2\repository\io\dropwizard\metrics\metrics-jersey2\3.1.2\metrics-jersey2-3.1.2.jar;C:\Users\joe61081\.m2\repository\com\fasterxml\jackson\jaxrs\jackson-jaxrs-json-provider\2.6.3\jackson-jaxrs-json-provider-2.6.3.jar;C:\Users\joe61081\.m2\repository\com\fasterxml\jackson\jaxrs\jackson-jaxrs-base\2.6.3\jackson-jaxrs-base-2.6.3.jar;C:\Users\joe61081\.m2\repository\com\fasterxml\jackson\module\jackson-module-jaxb-annotations\2.6.3\jackson-module-jaxb-annotations-2.6.3.jar;C:\Users\joe61081\.m2\repository\org\glassfish\jersey\containers\jersey-container-servlet\2.22.1\jersey-container-servlet-2.22.1.jar;C:\Users\joe61081\.m2\repository\org\glassfish\jersey\containers\jersey-container-servlet-core\2.22.1\jersey-container-servlet-core-2.22.1.jar;C:\Users\joe61081\.m2\repository\org\eclipse\jetty\jetty-server\9.2.13.v20150730\jetty-server-9.2.13.v20150730.jar;C:\Users\joe61081\.m2\repository\javax\servlet\javax.servlet-api\3.1.0\javax.servlet-api-3.1.0.jar;C:\Users\joe61081\.m2\repository\org\eclipse\jetty\jetty-io\9.2.13.v20150730\jetty-io-9.2.13.v20150730.jar;C:\Users\joe61081\.m2\repository\org\eclipse\jetty\jetty-webapp\9.2.13.v20150730\jetty-webapp-9.2.13.v20150730.jar;C:\Users\joe61081\.m2\repository\org\eclipse\jetty\jetty-xml\9.2.13.v20150730\jetty-xml-9.2.13.v20150730.jar;C:\Users\joe61081\.m2\repository\org\eclipse\jetty\jetty-continuation\9.2.13.v20150730\jetty-continuation-9.2.13.v20150730.jar;C:\Users\joe61081\.m2\repository\io\dropwizard\dropwizard-servlets\0.9.2\dropwizard-servlets-0.9.2.jar;C:\Users\joe61081\.m2\repository\io\dropwizard\metrics\metrics-annotation\3.1.2\metrics-annotation-3.1.2.jar;C:\Users\joe61081\.m2\repository\io\dropwizard\dropwizard-jetty\0.9.2\dropwizard-jetty-0.9.2.jar;C:\Users\joe61081\.m2\repository\io\dropwizard\metrics\metrics-jetty9\3.1.2\metrics-jetty9-3.1.2.jar;C:\Users\joe61081\.m2\repository\org\eclipse\jetty\jetty-servlet\9.2.13.v20150730\jetty-servlet-9.2.13.v20150730.jar;C:\Users\joe61081\.m2\repository\org\eclipse\jetty\jetty-security\9.2.13.v20150730\jetty-security-9.2.13.v20150730.jar;C:\Users\joe61081\.m2\repository\org\eclipse\jetty\jetty-servlets\9.2.13.v20150730\jetty-servlets-9.2.13.v20150730.jar;C:\Users\joe61081\.m2\repository\org\eclipse\jetty\jetty-http\9.2.13.v20150730\jetty-http-9.2.13.v20150730.jar;C:\Users\joe61081\.m2\repository\io\dropwizard\dropwizard-lifecycle\0.9.2\dropwizard-lifecycle-0.9.2.jar;C:\Users\joe61081\.m2\repository\io\dropwizard\metrics\metrics-core\3.1.2\metrics-core-3.1.2.jar;C:\Users\joe61081\.m2\repository\io\dropwizard\metrics\metrics-jvm\3.1.2\metrics-jvm-3.1.2.jar;C:\Users\joe61081\.m2\repository\io\dropwizard\metrics\metrics-servlets\3.1.2\metrics-servlets-3.1.2.jar;C:\Users\joe61081\.m2\repository\io\dropwizard\metrics\metrics-json\3.1.2\metrics-json-3.1.2.jar;C:\Users\joe61081\.m2\repository\io\dropwizard\metrics\metrics-healthchecks\3.1.2\metrics-healthchecks-3.1.2.jar;C:\Users\joe61081\.m2\repository\net\sourceforge\argparse4j\argparse4j\0.6.0\argparse4j-0.6.0.jar;C:\Users\joe61081\.m2\repository\org\eclipse\jetty\toolchain\setuid\jetty-setuid-java\1.0.3\jetty-setuid-java-1.0.3.jar;C:\Users\joe61081\.m2\repository\junit\junit\3.8.1\junit-3.8.1.jar;C:\Users\joe61081\.m2\repository\org\junit\jupiter\junit-jupiter-api\5.5.0-M1\junit-jupiter-api-5.5.0-M1.jar;C:\Users\joe61081\.m2\repository\org\apiguardian\apiguardian-api\1.0.0\apiguardian-api-1.0.0.jar;C:\Users\joe61081\.m2\repository\org\opentest4j\opentest4j\1.1.1\opentest4j-1.1.1.jar;C:\Users\joe61081\.m2\repository\org\junit\platform\junit-platform-commons\1.5.0-M1\junit-platform-commons-1.5.0-M1.jar;C:\Users\joe61081\.m2\repository\org\junit\jupiter\junit-jupiter-engine\5.3.2\junit-jupiter-engine-5.3.2.jar;C:\Users\joe61081\.m2\repository\org\junit\platform\junit-platform-engine\1.3.2\junit-platform-engine-1.3.2.jar;"/>
    <property name="sun.cpu.endian" value="little"/>
    <property name="user.home" value="C:\Users\joe61081"/>
    <property name="user.language" value="en"/>
    <property name="java.specification.vendor" value="Oracle Corporation"/>
    <property name="java.home" value="C:\Program Files\Java\jdk1.8.0_191\jre"/>
    <property name="basedir" value="D:\Example\dropwizard-helloworld"/>
    <property name="file.separator" value="\"/>
    <property name="line.separator" value="&#10;"/>
    <property name="java.vm.specification.vendor" value="Oracle Corporation"/>
    <property name="java.specification.name" value="Java Platform API Specification"/>
    <property name="java.awt.graphicsenv" value="sun.awt.Win32GraphicsEnvironment"/>
    <property name="surefire.real.class.path" value="C:\Users\joe61081\AppData\Local\Temp\surefire2478254587604190433\surefirebooter4205578773692664782.jar"/>
    <property name="sun.boot.class.path" value="C:\Program Files\Java\jdk1.8.0_191\jre\lib\resources.jar;C:\Program Files\Java\jdk1.8.0_191\jre\lib\rt.jar;C:\Program Files\Java\jdk1.8.0_191\jre\lib\sunrsasign.jar;C:\Program Files\Java\jdk1.8.0_191\jre\lib\jsse.jar;C:\Program Files\Java\jdk1.8.0_191\jre\lib\jce.jar;C:\Program Files\Java\jdk1.8.0_191\jre\lib\charsets.jar;C:\Program Files\Java\jdk1.8.0_191\jre\lib\jfr.jar;C:\Program Files\Java\jdk1.8.0_191\jre\classes"/>
    <property name="user.script" value=""/>
    <property name="sun.management.compiler" value="HotSpot 64-Bit Tiered Compilers"/>
    <property name="java.runtime.version" value="1.8.0_191-b12"/>
    <property name="user.name" value="Joe61081"/>
    <property name="path.separator" value=";"/>
    <property name="os.version" value="10.0"/>
    <property name="java.endorsed.dirs" value="C:\Program Files\Java\jdk1.8.0_191\jre\lib\endorsed"/>
    <property name="java.runtime.name" value="Java(TM) SE Runtime Environment"/>
    <property name="file.encoding" value="Cp1252"/>
    <property name="java.vm.name" value="Java HotSpot(TM) 64-Bit Server VM"/>
    <property name="localRepository" value="C:\Users\joe61081\.m2\repository"/>
    <property name="java.vendor.url.bug" value="http://bugreport.sun.com/bugreport/"/>
    <property name="java.io.tmpdir" value="C:\Users\joe61081\AppData\Local\Temp\"/>
    <property name="java.version" value="1.8.0_191"/>
    <property name="user.dir" value="D:\Example\dropwizard-helloworld"/>
    <property name="os.arch" value="amd64"/>
    <property name="java.vm.specification.name" value="Java Virtual Machine Specification"/>
    <property name="java.awt.printerjob" value="sun.awt.windows.WPrinterJob"/>
    <property name="sun.os.patch.level" value=""/>
    <property name="java.library.path" value="C:\Program Files\Java\jdk1.8.0_191\jre\bin;C:\WINDOWS\Sun\Java\bin;C:\WINDOWS\system32;C:\WINDOWS;C:\Program Files\Java\jdk1.8.0_191\bin;C:\Program Files\Python37\Scripts\;C:\Program Files\Python37\;C:\ProgramData\Boxstarter;C:\Program Files\Docker\Docker\Resources\bin;C:\Program Files (x86)\Common Files\Oracle\Java\javapath;C:\Program Files (x86)\Intel\Intel(R) Management Engine Components\iCLS\;C:\Program Files\Intel\Intel(R) Management Engine Components\iCLS\;C:\ProgramData\Oracle\Java\javapath;C:\WINDOWS\system32;C:\WINDOWS;C:\WINDOWS\System32\Wbem;C:\WINDOWS\System32\WindowsPowerShell\v1.0\;C:\WINDOWS\System32\OpenSSH\;C:\WINDOWS\CCM;C:\WINDOWS\CCM;C:\WINDOWS\CCM;C:\WINDOWS\CCM;C:\WINDOWS\CCM;C:\WINDOWS\CCM;C:\WINDOWS\CCM;C:\Program Files (x86)\Intel\Intel(R) Management Engine Components\DAL;C:\Program Files\Intel\Intel(R) Management Engine Components\DAL;C:\Program Files\PuTTY\;C:\Program Files\nodejs\;C:\ProgramData\chocolatey\bin;C:\Program Files\Microsoft VS Code\bin;C:\Program Files\Sublime Text 3;D:\mongodb4\bin;C:\Users\joe61081\AppData\Roaming\Python\Python37\Scripts;MAVEN_HOME\bin;C:\Program Files\apache-maven-3.6.1\bin;C:\PostgreSQL\bin;C:\Program Files\Git\cmd;C:\Users\joe61081\AppData\Local\Microsoft\WindowsApps;C:\Users\joe61081\AppData\Local\GitHubDesktop\bin;C:\Users\joe61081\AppData\Local\Google\Cloud SDK\google-cloud-sdk\bin;."/>
    <property name="java.vm.info" value="mixed mode"/>
    <property name="java.vendor" value="Oracle Corporation"/>
    <property name="java.vm.version" value="25.191-b12"/>
    <property name="java.ext.dirs" value="C:\Program Files\Java\jdk1.8.0_191\jre\lib\ext;C:\WINDOWS\Sun\Java\lib\ext"/>
    <property name="sun.io.unicode.encoding" value="UnicodeLittle"/>
    <property name="java.class.version" value="52.0"/>
  </properties>
  <testcase name="sayHelloTest" classname="com.example.helloworld.api.HelloWorldApiTest" time="0.001"/>
</testsuite>